<?xml version="1.0" encoding="UTF-8"?>
<testsuite name="com.aelb.security.JwtServiceTest" tests="6" skipped="0" failures="0" errors="0" timestamp="2026-06-26T08:59:48.872Z" hostname="PC_MÉLANIE" time="0.285">
  <properties/>
  <testcase name="generateToken_retourneUnTokenNonVide()" classname="com.aelb.security.JwtServiceTest" time="0.239"/>
  <testcase name="isTokenValid_tokenExpiré_leveExpiredJwtException()" classname="com.aelb.security.JwtServiceTest" time="0.031"/>
  <testcase name="generateToken_inclutLesRolesDansLesClaims()" classname="com.aelb.security.JwtServiceTest" time="0.003"/>
  <testcase name="isTokenValid_usernameNonCorrespondant_retourneFalse()" classname="com.aelb.security.JwtServiceTest" time="0.002"/>
  <testcase name="extractUsername_retourneLUsernameCorrect()" classname="com.aelb.security.JwtServiceTest" time="0.002"/>
  <testcase name="isTokenValid_tokenValide_retourneTrue()" classname="com.aelb.security.JwtServiceTest" time="0.003"/>
  <system-out><![CDATA[]]></system-out>
  <system-err><![CDATA[]]></system-err>
</testsuite>
