<?xml version="1.0" encoding="UTF-8"?>
<testsuite name="com.aelb.service.AdherentServiceTest" tests="7" skipped="0" failures="0" errors="0" timestamp="2026-06-26T09:56:08.257Z" hostname="PC_MÉLANIE" time="0.683">
  <properties/>
  <testcase name="importExcel_ligneDEnTête_ignorée()" classname="com.aelb.service.AdherentServiceTest" time="0.561"/>
  <testcase name="importExcel_cotisationAutreValeur_mappéFaux()" classname="com.aelb.service.AdherentServiceTest" time="0.031"/>
  <testcase name="sendBulkEmail_envoyéUniquementAuxAdherentsActifs()" classname="com.aelb.service.AdherentServiceTest" time="0.003"/>
  <testcase name="importExcel_cotisationOui_mappéVrai()" classname="com.aelb.service.AdherentServiceTest" time="0.024"/>
  <testcase name="importExcel_champObligatoireBlank_ligneIgnorée()" classname="com.aelb.service.AdherentServiceTest" time="0.022"/>
  <testcase name="importExcel_emailExistant_adhérentMisAJourPasRecréé()" classname="com.aelb.service.AdherentServiceTest" time="0.019"/>
  <testcase name="importExcel_tousLesImportésForcésActifs()" classname="com.aelb.service.AdherentServiceTest" time="0.021"/>
  <system-out><![CDATA[]]></system-out>
  <system-err><![CDATA[]]></system-err>
</testsuite>
