<?xml version="1.0" encoding="UTF-8"?>
<testsuite name="com.aelb.service.FileStorageServiceTest" tests="3" skipped="0" failures="0" errors="0" timestamp="2026-06-26T09:56:08.980Z" hostname="PC_MÉLANIE" time="0.036">
  <properties/>
  <testcase name="save_extensionImageAutorisée_préservéeDansLUrl()" classname="com.aelb.service.FileStorageServiceTest" time="0.027"/>
  <testcase name="save_extensionNonAutorisée_rejetéeSilencieusement()" classname="com.aelb.service.FileStorageServiceTest" time="0.003"/>
  <testcase name="save_extensionMajuscule_normaliséeEtAutorisée()" classname="com.aelb.service.FileStorageServiceTest" time="0.004"/>
  <system-out><![CDATA[11:56:09.000 [Test worker] INFO com.aelb.service.FileStorageService -- [FileStorageService] Dossier uploads : C:\Project_Java_Spring\AELB\backend\uploads
11:56:09.005 [Test worker] INFO com.aelb.service.FileStorageService -- [FileStorageService] Fichier sauvegardé : C:\Users\royme\AppData\Local\Temp\junit-8488770519592707866\845bacd3-77ce-4aa7-b37e-6aa5ca3c0ec8.jpg
11:56:09.009 [Test worker] INFO com.aelb.service.FileStorageService -- [FileStorageService] Dossier uploads : C:\Project_Java_Spring\AELB\backend\uploads
11:56:09.010 [Test worker] INFO com.aelb.service.FileStorageService -- [FileStorageService] Fichier sauvegardé : C:\Users\royme\AppData\Local\Temp\junit-17103080060879097069\1e47037f-3d09-492f-a5e3-ba6f349e0401
11:56:09.013 [Test worker] INFO com.aelb.service.FileStorageService -- [FileStorageService] Dossier uploads : C:\Project_Java_Spring\AELB\backend\uploads
11:56:09.014 [Test worker] INFO com.aelb.service.FileStorageService -- [FileStorageService] Fichier sauvegardé : C:\Users\royme\AppData\Local\Temp\junit-11625102322399540369\f52ae101-682f-4436-b3eb-199830d36f2b.jpg
]]></system-out>
  <system-err><![CDATA[]]></system-err>
</testsuite>
