<?xml version="1.0" encoding="UTF-8"?>
<testsuite name="com.aelb.service.EvenementServiceTest" tests="7" skipped="0" failures="0" errors="0" timestamp="2026-06-26T08:59:50.184Z" hostname="PC_MÉLANIE" time="0.057">
  <properties/>
  <testcase name="getEvents_pageVide_siAucunEvenementDansLaPériode()" classname="com.aelb.service.EvenementServiceTest" time="0.047"/>
  <testcase name="save_délègueAuRepositoryEtRetourneLEvenement()" classname="com.aelb.service.EvenementServiceTest" time="0.001"/>
  <testcase name="getEvents_délègueAvecLaBonnePlageDeDates()" classname="com.aelb.service.EvenementServiceTest" time="0.002"/>
  <testcase name="findById_retourneLEvenementTrouvé()" classname="com.aelb.service.EvenementServiceTest" time="0.001"/>
  <testcase name="getUpcomingEvents_délègueAuRepositoryAvecLaLimite()" classname="com.aelb.service.EvenementServiceTest" time="0.002"/>
  <testcase name="findById_idInexistant_leveRuntimeException()" classname="com.aelb.service.EvenementServiceTest" time="0.002"/>
  <testcase name="delete_délègueAuRepositoryParId()" classname="com.aelb.service.EvenementServiceTest" time="0.001"/>
  <system-out><![CDATA[]]></system-out>
  <system-err><![CDATA[]]></system-err>
</testsuite>
