<?xml version="1.0" encoding="UTF-8"?>
<testsuite name="com.aelb.security.JwtServiceTest" tests="3" skipped="0" failures="0" errors="0" timestamp="2026-06-26T09:56:07.921Z" hostname="PC_MÉLANIE" time="0.335">
  <properties/>
  <testcase name="isTokenValid_tokenAppartenantÀUnAutreUtilisateur_retourneFalse()" classname="com.aelb.security.JwtServiceTest" time="0.329"/>
  <testcase name="extractUsername_retourneLUsernameEncodéDansLeToken()" classname="com.aelb.security.JwtServiceTest" time="0.002"/>
  <testcase name="isTokenValid_tokenValide_retourneTrue()" classname="com.aelb.security.JwtServiceTest" time="0.003"/>
  <system-out><![CDATA[]]></system-out>
  <system-err><![CDATA[]]></system-err>
</testsuite>
